0 info it worked if it ends with ok
1 verbose cli [ 'C:\\Program Files\\nodejs\\node.exe',
1 verbose cli   'C:\\Program Files\\nodejs\\node_modules\\npm\\bin\\npm-cli.js',
1 verbose cli   'run',
1 verbose cli   'dev' ]
2 info using npm@3.3.12
3 info using node@v5.1.0
4 verbose run-script [ 'predev', 'dev', 'postdev' ]
5 info lifecycle warplanner-node@0.0.1~predev: warplanner-node@0.0.1
6 silly lifecycle warplanner-node@0.0.1~predev: no script for predev, continuing
7 info lifecycle warplanner-node@0.0.1~dev: warplanner-node@0.0.1
8 verbose lifecycle warplanner-node@0.0.1~dev: unsafe-perm in lifecycle true
9 verbose lifecycle warplanner-node@0.0.1~dev: PATH: C:\Program Files\nodejs\node_modules\npm\bin\node-gyp-bin;C:\Node\nodeplanner\warexpr\warplanner\node_modules\.bin;C:\Users\Joe\Desktop\cmder files\bin;C:\Program Files (x86)\Git\bin;C:\Program Files (x86)\Git\usr\bin;C:\Program Files (x86)\Git\share\vim\vim74;C:\Users\Joe\Desktop\cmder files\vendor\conemu-maximus5;C:\Users\Joe\Desktop\cmder files\vendor\conemu-maximus5\ConEmu;C:\Program Files\Haskell\bin;C:\Program Files\Haskell Platform\7.10.3\lib\extralibs\bin;C:\Program Files\Haskell Platform\7.10.3\bin;C:\Program Files (x86)\Intel\iCLS Client\;C:\Program Files\Intel\iCLS Client\;C:\Program Files\Common Files\Microsoft Shared\Windows Live;C:\Program Files (x86)\Common Files\Microsoft Shared\Windows Live;C:\WINDOWS\system32;C:\WINDOWS;C:\WINDOWS\System32\Wbem;C:\WINDOWS\System32\WindowsPowerShell\v1.0\;C:\Program Files (x86)\Windows Live\Shared;C:\Program Files\Intel\Intel(R) Management Engine Components\DAL;C:\Program Files\Intel\Intel(R) Management Engine Components\IPT;C:\Program Files (x86)\Intel\Intel(R) Management Engine Components\DAL;C:\Program Files (x86)\Intel\Intel(R) Management Engine Components\IPT;C:\Program Files (x86)\Intel\OpenCL SDK\2.0\bin\x86;C:\Program Files (x86)\Intel\OpenCL SDK\2.0\bin\x64;C:\Program Files\Intel\WiFi\bin\;C:\Program Files\Common Files\Intel\WirelessCommon\;C:\Program Files (x86)\Skype\Phone\;c:\Program Files (x86)\Microsoft SQL Server\100\Tools\Binn\;c:\Program Files\Microsoft SQL Server\100\Tools\Binn\;c:\Program Files\Microsoft SQL Server\100\DTS\Binn\;C:\Program Files\Microsoft\Web Platform Installer\;c:\Program Files (x86)\Microsoft ASP.NET\ASP.NET Web Pages\v1.0\;C:\Program Files\Microsoft SQL Server\120\Tools\Binn\;C:\Program Files\Microsoft SQL Server\110\Tools\Binn\;C:\Program Files (x86)\Windows Kits\8.1\Windows Performance Toolkit\;C:\Program Files (x86)\Heroku\bin;C:\Program Files (x86)\git\cmd;C:\Program Files\Microsoft SQL Server\130\Tools\Binn\;C:\WINDOWS\system32\config\systemprofile\.dnx\bin;C:\Program Files\Microsoft DNX\Dnvm\;C:\Program Files (x86)\Brackets\command;C:\Program Files\nodejs\;C:\Program Files\Haskell Platform\7.10.3\mingw\bin;C:\Users\Joe\AppData\Roaming\cabal\bin;C:\Ruby193\bin;C:\Windows\System32;C:\Python34;C:\Python34\python.exe;C:\Python34\Scripts\;C:\Python34\Lib\site-packages\django\bin;C:\Users\Joe\AppData\Local\atom\bin;C:\Users\Joe\AppData\Roaming\npm;C:\Program Files (x86)\Microsoft VS Code\bin;C:\Users\Joe\AppData\Local\.meteor\;C:\Users\Joe\Desktop\cmder files
10 verbose lifecycle warplanner-node@0.0.1~dev: CWD: C:\Node\nodeplanner\warexpr\warplanner
11 silly lifecycle warplanner-node@0.0.1~dev: Args: [ '/d /s /c', 'nodemon ./bin/www' ]
12 silly lifecycle warplanner-node@0.0.1~dev: Returned: code: 1  signal: null
13 info lifecycle warplanner-node@0.0.1~dev: Failed to exec dev script
14 verbose stack Error: warplanner-node@0.0.1 dev: `nodemon ./bin/www`
14 verbose stack Exit status 1
14 verbose stack     at EventEmitter.<anonymous> (C:\Program Files\nodejs\node_modules\npm\lib\utils\lifecycle.js:232:16)
14 verbose stack     at emitTwo (events.js:87:13)
14 verbose stack     at EventEmitter.emit (events.js:172:7)
14 verbose stack     at ChildProcess.<anonymous> (C:\Program Files\nodejs\node_modules\npm\lib\utils\spawn.js:24:14)
14 verbose stack     at emitTwo (events.js:87:13)
14 verbose stack     at ChildProcess.emit (events.js:172:7)
14 verbose stack     at maybeClose (internal/child_process.js:818:16)
14 verbose stack     at Process.ChildProcess._handle.onexit (internal/child_process.js:211:5)
15 verbose pkgid warplanner-node@0.0.1
16 verbose cwd C:\Node\nodeplanner\warexpr\warplanner
17 error Windows_NT 10.0.10586
18 error argv "C:\\Program Files\\nodejs\\node.exe" "C:\\Program Files\\nodejs\\node_modules\\npm\\bin\\npm-cli.js" "run" "dev"
19 error node v5.1.0
20 error npm  v3.3.12
21 error code ELIFECYCLE
22 error warplanner-node@0.0.1 dev: `nodemon ./bin/www`
22 error Exit status 1
23 error Failed at the warplanner-node@0.0.1 dev script 'nodemon ./bin/www'.
23 error Make sure you have the latest version of node.js and npm installed.
23 error If you do, this is most likely a problem with the warplanner-node package,
23 error not with npm itself.
23 error Tell the author that this fails on your system:
23 error     nodemon ./bin/www
23 error You can get their info via:
23 error     npm owner ls warplanner-node
23 error There is likely additional logging output above.
24 verbose exit [ 1, true ]
